C51 COMPILER V9.54   DELAYS                                                                10/05/2016 21:21:23 PAGE 1   


C51 COMPILER V9.54, COMPILATION OF MODULE DELAYS
OBJECT MODULE PLACED IN .\Objects\delays.obj
COMPILER INVOKED BY: C:\Keil_v5\C51\BIN\C51.EXE delays.c OPTIMIZE(8,SPEED) BROWSE DEBUG OBJECTEXTEND PRINT(.\Listings\de
                    -lays.lst) TABS(2) OBJECT(.\Objects\delays.obj)

line level    source

   1          #include <define.h>
   2          
   3          void delay1mseg()     //gasta 1ms
   4          {
   5   1        char a,b;
   6   1        
   7   1        for (a=0; a<10; a++)
   8   1        {
   9   2          for (b=0; b<29; b++) 
  10   2          {}
  11   2        }
  12   1      }
  13          
  14          char debouncing(unsigned char last_bt)  //Retorna 0 se o botão foi pressionado e 1 se o botão foi solto
  15          {                                     
  16   1        unsigned char m = 10;
  17   1        while (m > 0 && m < 20)
  18   1        {
  19   2          delay1mseg();
  20   2          if (last_bt == PORTA_TECLAS)
  21   2            m--;
  22   2          else
  23   2            m++;
  24   2        }
  25   1        if(m==0)  return 0;
  26   1        else      return 1;
  27   1      }


MODULE INFORMATION:   STATIC OVERLAYABLE
   CODE SIZE        =     49    ----
   CONSTANT SIZE    =   ----    ----
   XDATA SIZE       =   ----    ----
   PDATA SIZE       =   ----    ----
   DATA SIZE        =   ----    ----
   IDATA SIZE       =   ----    ----
   BIT SIZE         =   ----    ----
END OF MODULE INFORMATION.


C51 COMPILATION COMPLETE.  0 WARNING(S),  0 ERROR(S)
