C51 COMPILER V9.54   INTERRUPCOES                                                          10/05/2016 18:27:55 PAGE 1   


C51 COMPILER V9.54, COMPILATION OF MODULE INTERRUPCOES
OBJECT MODULE PLACED IN .\Objects\interrupcoes.obj
COMPILER INVOKED BY: C:\Keil_v5\C51\BIN\C51.EXE interrupcoes.c OPTIMIZE(8,SPEED) BROWSE DEBUG OBJECTEXTEND CODE SYMBOLS 
                    -PRINT(.\Listings\interrupcoes.lst) TABS(2) OBJECT(.\Objects\interrupcoes.obj)

line level    source

   1          #include <define.h>
   2          
   3          //------------Inicializações------------
   4          void int_ext_0_inic (void)
   5          {
   6   1       IE   |= (1<<7)|(1<<0);//Habilita as interrupcoes globais e a interrupcao externa 0
   7   1       TCON |= (1<<0); //Configura INT0  para borda de descida
   8   1       TCON &= ~(1<<1);//Limpa flag da interrupção de INT0 ~(1<<1)= bxxxx xx0x
   9   1      }
  10          void int_ext_1_inic (void)
  11          {
  12   1        IE   |= (1<<7)|(1<<2);//Habilita as interrupcoes globais e a interrupcao externa 1
  13   1        TCON |= (1<<2); //Configura INT1 para borda de descida
  14   1        TCON &= ~(1<<3);//Limpa flag da interrupção de INT0 ~(1<<3)= bxxxx 0xxx
  15   1      }
  16          void int_exts_inic (void) reentrant
  17          {
  18   1        IE   |= (1<<7);//Habilita as interrupcoes globais
  19   1        TCON &= ~(0x0A);//Limpa as flags de interrupção de INT0 e INT1 ~(...)= bxxxx 0x0x
  20   1      }
  21          //--------------------------------------
  22          
  23          //-----------Interrupções---------------
  24          void int_ext_0_isr (void) interrupt 0 // P3.2 - interrupaco externa 0
  25          { 
  26   1        IE   &= ~(1<<7);//Desabilita as interrupções globalmente
  27   1        
  28   1        //  O primeiro teste confere se o botão estava de fato sendo 
  29   1        //pressionado e não solto; o segundo teste confere se não 
  30   1        //há outro botão pressionado juntamente com o botão de interesse.
  31   1        //  Enquanto o botão não for solto, o programa não continua.
  32   1        //  O if dentro do while só serve para a sua primeira execução
  33   1        //e não significa que a atribuição necessite ser feita repetidamente
  34   1        while(debouncing(PORTA_TECLAS)==0)
  35   1          if(PORTA_TECLAS== ~0x04) evento=0;
*** ERROR C202 IN LINE 35 OF interrupcoes.c: 'evento': undefined identifier
  36   1        //Reabilita as interrupções e limpa as flags de interrupção
  37   1        int_exts_inic();
  38   1      }
  39          
  40          void int_ext_1_isr (void) interrupt 2 // P3.3 - interrupaco externa 1
  41          { 
  42   1        IE   &= ~(1<<7);//Desabilita as interrupções globalmente
  43   1        while(debouncing(PORTA_TECLAS)==0)
  44   1          if(PORTA_TECLAS== ~0x08) evento=1;
*** ERROR C202 IN LINE 44 OF interrupcoes.c: 'evento': undefined identifier
  45   1        //Reabilita as interrupções e limpa as flags de interrupção
  46   1        int_exts_inic();
  47   1      }
  48          //--------------------------------------

C51 COMPILATION COMPLETE.  0 WARNING(S),  2 ERROR(S)
