C51 COMPILER V9.54   MAIN_LAB3                                                             10/05/2016 21:15:33 PAGE 1   


C51 COMPILER V9.54, COMPILATION OF MODULE MAIN_LAB3
OBJECT MODULE PLACED IN .\Objects\main_lab3.obj
COMPILER INVOKED BY: C:\Keil_v5\C51\BIN\C51.EXE main_lab3.c OPTIMIZE(8,SPEED) BROWSE DEBUG OBJECTEXTEND CODE SYMBOLS PRI
                    -NT(.\Listings\main_lab3.lst) TABS(2) OBJECT(.\Objects\main_lab3.obj)

line level    source

   1          /* ************************************************************
   2          UFRGS – Universidade Federal do Rio Grande do Sul
   3          EE – Escola de Engenharia
   4          DELET – Departamento de Engenharia Elétrica
   5          Disciplina: Microprocessadores I
   6          Código: ENG04475
   7          Professor: Alexandre A. Junqueira
   8          
   9          Programa: programa C que ajusta a luminosidade dos LEDs do
  10          Kit via teclado, utilizando PWM
  11          
  12          Autores: Bruno Zanchetta, Ícaro Dupont, Luciano Bongiorni.
  13          Data: 2016/2
  14          *************************************************************** */
  15          
  16          #include <define.h>
  17          
  18          void main(void)
  19          {
  20   1        PORTA_TECLAS = 0xFF;
  21   1        PORTA_LEDS = 0x00;
  22   1        while(1)
  23   1        {
  24   2          unsigned char show = 0, count, temp, LAST_KEY;
  25   2          //pega a intensidade adequada show = x, para intensidade = x0%
  26   2          if(!debouncing(LAST_KEY))
  27   2          {
  28   3            switch (PORTA_TECLAS) 
  29   3            {
  30   4              case (~0x01): show=0;   break;
  31   4              case (~0x02): show=2;   break;
  32   4              case (~0x04): show=4;   break;
  33   4              case (~0x08): show=6;   break; 
  34   4              case (~0x10): show=8;   break;    
  35   4              case (~0x20): show=10;  break; 
  36   4              case (~0x40):
  37   4                if(show != 10)
  38   4                  show++;
  39   4                  break;
  40   4              case (~0x80):
  41   4                if(show != 0)
  42   4                  show--;
  43   4                  break;
  44   4              
  45   4              default: break;
  46   4            }
  47   3          }
  48   2          
  49   2          LAST_KEY = PORTA_TECLAS;
  50   2      
  51   2          //onde liga os leds por tempo definido de acordo
  52   2          for (count = 1; count <= show; count++)
  53   2          {
  54   3            setLED(1);
C51 COMPILER V9.54   MAIN_LAB3                                                             10/05/2016 21:15:33 PAGE 2   

  55   3            for(temp=1;temp<=temp_ten;temp++)
  56   3              delay1mseg();
  57   3          }
  58   2          while (count <=10) //faz a contagem que sobra no tempo restante
  59   2          {
  60   3            setLED(0);
  61   3            for(temp=1;temp<=temp_ten;temp++)
  62   3              delay1mseg();
  63   3            count++;
  64   3          }
  65   2        }//fim do while(1)
  66   1      }//fim do main
C51 COMPILER V9.54   MAIN_LAB3                                                             10/05/2016 21:15:33 PAGE 3   

ASSEMBLY LISTING OF GENERATED OBJECT CODE


             ; FUNCTION main (BEGIN)
                                           ; SOURCE LINE # 18
                                           ; SOURCE LINE # 19
                                           ; SOURCE LINE # 20
0000 75B0FF            MOV     P3,#0FFH
                                           ; SOURCE LINE # 21
0003 E4                CLR     A
0004 F5A0              MOV     P2,A
0006         ?C0001:
                                           ; SOURCE LINE # 22
                                           ; SOURCE LINE # 23
                                           ; SOURCE LINE # 24
0006 E4                CLR     A
0007 F500        R     MOV     show,A
                                           ; SOURCE LINE # 26
0009 AF00        R     MOV     R7,LAST_KEY
000B 120000      E     LCALL   _debouncing
000E EF                MOV     A,R7
000F 7050              JNZ     ?C0003
                                           ; SOURCE LINE # 27
                                           ; SOURCE LINE # 28
0011 AFB0              MOV     R7,P3
0013 EF                MOV     A,R7
0014 2481              ADD     A,#081H
0016 6043              JZ      ?C0013
0018 24C0              ADD     A,#0C0H
001A 6035              JZ      ?C0011
001C 24E0              ADD     A,#0E0H
001E 602C              JZ      ?C0010
0020 24F0              ADD     A,#0F0H
0022 6023              JZ      ?C0009
0024 24F8              ADD     A,#0F8H
0026 601A              JZ      ?C0008
0028 24FC              ADD     A,#0FCH
002A 6011              JZ      ?C0007
002C 24FE              ADD     A,#0FEH
002E 6008              JZ      ?C0006
0030 14                DEC     A
0031 702E              JNZ     ?C0003
                                           ; SOURCE LINE # 29
                                           ; SOURCE LINE # 30
0033         ?C0005:
0033 E4                CLR     A
0034 F500        R     MOV     show,A
0036 8029              SJMP    ?C0003
                                           ; SOURCE LINE # 31
0038         ?C0006:
0038 750002      R     MOV     show,#02H
003B 8024              SJMP    ?C0003
                                           ; SOURCE LINE # 32
003D         ?C0007:
003D 750004      R     MOV     show,#04H
0040 801F              SJMP    ?C0003
                                           ; SOURCE LINE # 33
0042         ?C0008:
0042 750006      R     MOV     show,#06H
0045 801A              SJMP    ?C0003
                                           ; SOURCE LINE # 34
0047         ?C0009:
C51 COMPILER V9.54   MAIN_LAB3                                                             10/05/2016 21:15:33 PAGE 4   

0047 750008      R     MOV     show,#08H
004A 8015              SJMP    ?C0003
                                           ; SOURCE LINE # 35
004C         ?C0010:
004C 75000A      R     MOV     show,#0AH
004F 8010              SJMP    ?C0003
                                           ; SOURCE LINE # 36
0051         ?C0011:
                                           ; SOURCE LINE # 37
0051 E500        R     MOV     A,show
0053 640A              XRL     A,#0AH
0055 600A              JZ      ?C0003
                                           ; SOURCE LINE # 38
0057 0500        R     INC     show
                                           ; SOURCE LINE # 39
0059 8006              SJMP    ?C0003
                                           ; SOURCE LINE # 40
005B         ?C0013:
                                           ; SOURCE LINE # 41
005B E500        R     MOV     A,show
005D 6002              JZ      ?C0003
                                           ; SOURCE LINE # 42
005F 1500        R     DEC     show
                                           ; SOURCE LINE # 43
                                           ; SOURCE LINE # 45
                                           ; SOURCE LINE # 46
                                           ; SOURCE LINE # 47
0061         ?C0003:
                                           ; SOURCE LINE # 49
0061 85B000      R     MOV     LAST_KEY,P3
                                           ; SOURCE LINE # 52
0064 750001      R     MOV     count,#01H
0067         ?C0016:
0067 E500        R     MOV     A,count
0069 D3                SETB    C
006A 9500        R     SUBB    A,show
006C 5018              JNC     ?C0022
                                           ; SOURCE LINE # 53
                                           ; SOURCE LINE # 54
006E 7F01              MOV     R7,#01H
0070 120000      E     LCALL   _setLED
                                           ; SOURCE LINE # 55
0073 750001      R     MOV     temp,#01H
0076         ?C0019:
                                           ; SOURCE LINE # 56
0076 120000      E     LCALL   delay1mseg
0079 0500        R     INC     temp
007B E500        R     MOV     A,temp
007D D3                SETB    C
007E 9401              SUBB    A,#01H
0080 40F4              JC      ?C0019
                                           ; SOURCE LINE # 57
0082         ?C0018:
0082 0500        R     INC     count
0084 80E1              SJMP    ?C0016
0086         ?C0022:
                                           ; SOURCE LINE # 58
0086 E500        R     MOV     A,count
0088 D3                SETB    C
0089 940A              SUBB    A,#0AH
008B 4003              JC      $ + 5H
008D 020000      R     LJMP    ?C0001
C51 COMPILER V9.54   MAIN_LAB3                                                             10/05/2016 21:15:33 PAGE 5   

                                           ; SOURCE LINE # 59
                                           ; SOURCE LINE # 60
0090 E4                CLR     A
0091 FF                MOV     R7,A
0092 120000      E     LCALL   _setLED
                                           ; SOURCE LINE # 61
0095 750001      R     MOV     temp,#01H
0098         ?C0024:
                                           ; SOURCE LINE # 62
0098 120000      E     LCALL   delay1mseg
009B 0500        R     INC     temp
009D E500        R     MOV     A,temp
009F D3                SETB    C
00A0 9401              SUBB    A,#01H
00A2 40F4              JC      ?C0024
00A4         ?C0025:
                                           ; SOURCE LINE # 63
00A4 0500        R     INC     count
                                           ; SOURCE LINE # 64
00A6 80DE              SJMP    ?C0022
             ; FUNCTION main (END)

C51 COMPILER V9.54   MAIN_LAB3                                                             10/05/2016 21:15:33 PAGE 6   

NAME                                    CLASS   MSPACE  TYPE    OFFSET  SIZE
====                                    =====   ======  ====    ======  ====


P2 . . . . . . . . . . . . . . . . . .  SFR      DATA   U_CHAR   00A0H  1
P3 . . . . . . . . . . . . . . . . . .  SFR      DATA   U_CHAR   00B0H  1
_setLED. . . . . . . . . . . . . . . .  EXTERN   CODE   PROC     -----  -----
_debouncing. . . . . . . . . . . . . .  EXTERN   CODE   PROC     -----  -----
main . . . . . . . . . . . . . . . . .  PUBLIC   CODE   PROC     0000H  -----
  show . . . . . . . . . . . . . . . .  AUTO     DATA   U_CHAR   0000H  1
  count. . . . . . . . . . . . . . . .  AUTO     DATA   U_CHAR   0001H  1
  temp . . . . . . . . . . . . . . . .  AUTO     DATA   U_CHAR   0002H  1
  LAST_KEY . . . . . . . . . . . . . .  AUTO     DATA   U_CHAR   0003H  1
delay1mseg . . . . . . . . . . . . . .  EXTERN   CODE   PROC     -----  -----


MODULE INFORMATION:   STATIC OVERLAYABLE
   CODE SIZE        =    168    ----
   CONSTANT SIZE    =   ----    ----
   XDATA SIZE       =   ----    ----
   PDATA SIZE       =   ----    ----
   DATA SIZE        =   ----       4
   IDATA SIZE       =   ----    ----
   BIT SIZE         =   ----    ----
END OF MODULE INFORMATION.


C51 COMPILATION COMPLETE.  0 WARNING(S),  0 ERROR(S)
