C51 COMPILER V9.54   SWITCH_LED                                                            10/05/2016 21:21:24 PAGE 1   


C51 COMPILER V9.54, COMPILATION OF MODULE SWITCH_LED
OBJECT MODULE PLACED IN .\Objects\switch_led.obj
COMPILER INVOKED BY: C:\Keil_v5\C51\BIN\C51.EXE switch_led.c OPTIMIZE(8,SPEED) BROWSE DEBUG OBJECTEXTEND PRINT(.\Listing
                    -s\switch_led.lst) TABS(2) OBJECT(.\Objects\switch_led.obj)

line level    source

   1          #include <define.h>
   2          
   3          void setLED(unsigned char LED_on) //feito lembrando que liga no logic low
   4          {
   5   1        if (LED_on==1)
   6   1          PORTA_LEDS = 0000;//porta leds liga 
   7   1        else
   8   1          PORTA_LEDS = ~(0000);//porta leds não liga
   9   1      }


MODULE INFORMATION:   STATIC OVERLAYABLE
   CODE SIZE        =     11    ----
   CONSTANT SIZE    =   ----    ----
   XDATA SIZE       =   ----    ----
   PDATA SIZE       =   ----    ----
   DATA SIZE        =   ----    ----
   IDATA SIZE       =   ----    ----
   BIT SIZE         =   ----    ----
END OF MODULE INFORMATION.


C51 COMPILATION COMPLETE.  0 WARNING(S),  0 ERROR(S)
